{"C:\\Users\\jeiso\\Documents\\udea\\fabricaescuela\\frontend\\src\\components\\Example.jsx": {"path":"C:\\Users\\jeiso\\Documents\\udea\\fabricaescuela\\frontend\\src\\components\\Example.jsx","statementMap":{"0":{"start":{"line":3,"column":28},"end":{"line":6,"column":1}},"1":{"start":{"line":4,"column":23},"end":{"line":4,"column":83}},"2":{"start":{"line":5,"column":4},"end":{"line":5,"column":33}},"3":{"start":{"line":8,"column":28},"end":{"line":11,"column":1}},"4":{"start":{"line":9,"column":23},"end":{"line":9,"column":34}},"5":{"start":{"line":10,"column":4},"end":{"line":10,"column":33}},"6":{"start":{"line":13,"column":27},"end":{"line":16,"column":1}},"7":{"start":{"line":14,"column":22},"end":{"line":14,"column":42}},"8":{"start":{"line":15,"column":4},"end":{"line":15,"column":31}},"9":{"start":{"line":20,"column":28},"end":{"line":20,"column":40}},"10":{"start":{"line":21,"column":30},"end":{"line":21,"column":42}},"11":{"start":{"line":22,"column":30},"end":{"line":22,"column":42}},"12":{"start":{"line":24,"column":22},"end":{"line":28,"column":5}},"13":{"start":{"line":25,"column":8},"end":{"line":25,"column":19}},"14":{"start":{"line":26,"column":8},"end":{"line":26,"column":20}},"15":{"start":{"line":27,"column":8},"end":{"line":27,"column":20}},"16":{"start":{"line":30,"column":25},"end":{"line":36,"column":5}},"17":{"start":{"line":31,"column":8},"end":{"line":31,"column":26}},"18":{"start":{"line":32,"column":8},"end":{"line":35,"column":9}},"19":{"start":{"line":33,"column":12},"end":{"line":33,"column":23}},"20":{"start":{"line":34,"column":12},"end":{"line":34,"column":36}},"21":{"start":{"line":38,"column":4},"end":{"line":48,"column":5}},"22":{"start":{"line":41,"column":71},"end":{"line":41,"column":94}},"23":{"start":{"line":43,"column":74},"end":{"line":43,"column":98}},"24":{"start":{"line":45,"column":72},"end":{"line":45,"column":96}}},"fnMap":{"0":{"name":"(anonymous_0)","decl":{"start":{"line":3,"column":28},"end":{"line":3,"column":29}},"loc":{"start":{"line":3,"column":39},"end":{"line":6,"column":1}},"line":3},"1":{"name":"(anonymous_1)","decl":{"start":{"line":8,"column":28},"end":{"line":8,"column":29}},"loc":{"start":{"line":8,"column":39},"end":{"line":11,"column":1}},"line":8},"2":{"name":"(anonymous_2)","decl":{"start":{"line":13,"column":27},"end":{"line":13,"column":28}},"loc":{"start":{"line":13,"column":37},"end":{"line":16,"column":1}},"line":13},"3":{"name":"Example","decl":{"start":{"line":19,"column":24},"end":{"line":19,"column":31}},"loc":{"start":{"line":19,"column":34},"end":{"line":49,"column":1}},"line":19},"4":{"name":"(anonymous_4)","decl":{"start":{"line":24,"column":22},"end":{"line":24,"column":23}},"loc":{"start":{"line":24,"column":28},"end":{"line":28,"column":5}},"line":24},"5":{"name":"(anonymous_5)","decl":{"start":{"line":30,"column":25},"end":{"line":30,"column":26}},"loc":{"start":{"line":30,"column":32},"end":{"line":36,"column":5}},"line":30},"6":{"name":"(anonymous_6)","decl":{"start":{"line":41,"column":64},"end":{"line":41,"column":65}},"loc":{"start":{"line":41,"column":71},"end":{"line":41,"column":94}},"line":41},"7":{"name":"(anonymous_7)","decl":{"start":{"line":43,"column":67},"end":{"line":43,"column":68}},"loc":{"start":{"line":43,"column":74},"end":{"line":43,"column":98}},"line":43},"8":{"name":"(anonymous_8)","decl":{"start":{"line":45,"column":65},"end":{"line":45,"column":66}},"loc":{"start":{"line":45,"column":72},"end":{"line":45,"column":96}},"line":45}},"branchMap":{"0":{"loc":{"start":{"line":32,"column":8},"end":{"line":35,"column":9}},"type":"if","locations":[{"start":{"line":32,"column":8},"end":{"line":35,"column":9}},{"start":{},"end":{}}],"line":32},"1":{"loc":{"start":{"line":32,"column":12},"end":{"line":32,"column":75}},"type":"binary-expr","locations":[{"start":{"line":32,"column":12},"end":{"line":32,"column":31}},{"start":{"line":32,"column":35},"end":{"line":32,"column":52}},{"start":{"line":32,"column":56},"end":{"line":32,"column":75}}],"line":32}},"s":{"0":1,"1":5,"2":5,"3":1,"4":4,"5":4,"6":1,"7":3,"8":3,"9":8,"10":8,"11":8,"12":8,"13":1,"14":1,"15":1,"16":8,"17":2,"18":2,"19":1,"20":1,"21":8,"22":1,"23":1,"24":1},"f":{"0":5,"1":4,"2":3,"3":8,"4":1,"5":2,"6":1,"7":1,"8":1},"b":{"0":[1,1],"1":[2,1,1]},"_coverageSchema":"1a1c01bbd47fc00a2c39e90264f33305004495a9","hash":"0a646f548457da92052ed6ec03bc484faa697e7f"}
,"C:\\Users\\jeiso\\Documents\\udea\\fabricaescuela\\frontend\\src\\components\\default\\Logos.jsx": {"path":"C:\\Users\\jeiso\\Documents\\udea\\fabricaescuela\\frontend\\src\\components\\default\\Logos.jsx","statementMap":{"0":{"start":{"line":2,"column":2},"end":{"line":11,"column":3}}},"fnMap":{"0":{"name":"Logos","decl":{"start":{"line":1,"column":24},"end":{"line":1,"column":29}},"loc":{"start":{"line":1,"column":55},"end":{"line":12,"column":1}},"line":1}},"branchMap":{},"s":{"0":0},"f":{"0":0},"b":{}}
,"C:\\Users\\jeiso\\Documents\\udea\\fabricaescuela\\frontend\\src\\components\\login\\FormLogin.jsx": {"path":"C:\\Users\\jeiso\\Documents\\udea\\fabricaescuela\\frontend\\src\\components\\login\\FormLogin.jsx","statementMap":{"0":{"start":{"line":4,"column":2},"end":{"line":24,"column":3}}},"fnMap":{"0":{"name":"FormLogin","decl":{"start":{"line":3,"column":24},"end":{"line":3,"column":33}},"loc":{"start":{"line":3,"column":36},"end":{"line":25,"column":1}},"line":3}},"branchMap":{},"s":{"0":0},"f":{"0":0},"b":{}}
,"C:\\Users\\jeiso\\Documents\\udea\\fabricaescuela\\frontend\\src\\views\\default\\Default.jsx": {"path":"C:\\Users\\jeiso\\Documents\\udea\\fabricaescuela\\frontend\\src\\views\\default\\Default.jsx","statementMap":{"0":{"start":{"line":15,"column":19},"end":{"line":15,"column":32}},"1":{"start":{"line":16,"column":23},"end":{"line":16,"column":60}},"2":{"start":{"line":16,"column":46},"end":{"line":16,"column":59}},"3":{"start":{"line":17,"column":2},"end":{"line":57,"column":3}},"4":{"start":{"line":26,"column":33},"end":{"line":26,"column":61}},"5":{"start":{"line":29,"column":33},"end":{"line":29,"column":64}},"6":{"start":{"line":32,"column":33},"end":{"line":32,"column":54}},"7":{"start":{"line":33,"column":33},"end":{"line":33,"column":54}},"8":{"start":{"line":34,"column":33},"end":{"line":34,"column":63}},"9":{"start":{"line":37,"column":33},"end":{"line":37,"column":60}}},"fnMap":{"0":{"name":"Default","decl":{"start":{"line":14,"column":24},"end":{"line":14,"column":31}},"loc":{"start":{"line":14,"column":34},"end":{"line":58,"column":1}},"line":14},"1":{"name":"(anonymous_1)","decl":{"start":{"line":16,"column":35},"end":{"line":16,"column":36}},"loc":{"start":{"line":16,"column":46},"end":{"line":16,"column":59}},"line":16},"2":{"name":"(anonymous_2)","decl":{"start":{"line":26,"column":27},"end":{"line":26,"column":28}},"loc":{"start":{"line":26,"column":33},"end":{"line":26,"column":61}},"line":26},"3":{"name":"(anonymous_3)","decl":{"start":{"line":29,"column":27},"end":{"line":29,"column":28}},"loc":{"start":{"line":29,"column":33},"end":{"line":29,"column":64}},"line":29},"4":{"name":"(anonymous_4)","decl":{"start":{"line":32,"column":27},"end":{"line":32,"column":28}},"loc":{"start":{"line":32,"column":33},"end":{"line":32,"column":54}},"line":32},"5":{"name":"(anonymous_5)","decl":{"start":{"line":33,"column":27},"end":{"line":33,"column":28}},"loc":{"start":{"line":33,"column":33},"end":{"line":33,"column":54}},"line":33},"6":{"name":"(anonymous_6)","decl":{"start":{"line":34,"column":27},"end":{"line":34,"column":28}},"loc":{"start":{"line":34,"column":33},"end":{"line":34,"column":63}},"line":34},"7":{"name":"(anonymous_7)","decl":{"start":{"line":37,"column":27},"end":{"line":37,"column":28}},"loc":{"start":{"line":37,"column":33},"end":{"line":37,"column":60}},"line":37}},"branchMap":{"0":{"loc":{"start":{"line":24,"column":9},"end":{"line":24,"column":65}},"type":"binary-expr","locations":[{"start":{"line":24,"column":9},"end":{"line":24,"column":42}},{"start":{"line":24,"column":46},"end":{"line":24,"column":65}}],"line":24}},"s":{"0":0,"1":0,"2":0,"3":0,"4":0,"5":0,"6":0,"7":0,"8":0,"9":0},"f":{"0":0,"1":0,"2":0,"3":0,"4":0,"5":0,"6":0,"7":0},"b":{"0":[0,0]}}
,"C:\\Users\\jeiso\\Documents\\udea\\fabricaescuela\\frontend\\src\\views\\error\\ErrorPage.jsx": {"path":"C:\\Users\\jeiso\\Documents\\udea\\fabricaescuela\\frontend\\src\\views\\error\\ErrorPage.jsx","statementMap":{"0":{"start":{"line":3,"column":2},"end":{"line":14,"column":3}}},"fnMap":{"0":{"name":"ErrorPage","decl":{"start":{"line":2,"column":24},"end":{"line":2,"column":33}},"loc":{"start":{"line":2,"column":36},"end":{"line":15,"column":1}},"line":2}},"branchMap":{},"s":{"0":0},"f":{"0":0},"b":{}}
,"C:\\Users\\jeiso\\Documents\\udea\\fabricaescuela\\frontend\\src\\views\\home\\Home.jsx": {"path":"C:\\Users\\jeiso\\Documents\\udea\\fabricaescuela\\frontend\\src\\views\\home\\Home.jsx","statementMap":{"0":{"start":{"line":5,"column":13},"end":{"line":28,"column":1}},"1":{"start":{"line":6,"column":28},"end":{"line":6,"column":39}},"2":{"start":{"line":8,"column":2},"end":{"line":27,"column":3}},"3":{"start":{"line":14,"column":33},"end":{"line":14,"column":52}},"4":{"start":{"line":15,"column":33},"end":{"line":15,"column":52}}},"fnMap":{"0":{"name":"(anonymous_0)","decl":{"start":{"line":5,"column":13},"end":{"line":5,"column":14}},"loc":{"start":{"line":5,"column":19},"end":{"line":28,"column":1}},"line":5},"1":{"name":"(anonymous_1)","decl":{"start":{"line":14,"column":27},"end":{"line":14,"column":28}},"loc":{"start":{"line":14,"column":33},"end":{"line":14,"column":52}},"line":14},"2":{"name":"(anonymous_2)","decl":{"start":{"line":15,"column":27},"end":{"line":15,"column":28}},"loc":{"start":{"line":15,"column":33},"end":{"line":15,"column":52}},"line":15}},"branchMap":{},"s":{"0":0,"1":0,"2":0,"3":0,"4":0},"f":{"0":0,"1":0,"2":0},"b":{}}
,"C:\\Users\\jeiso\\Documents\\udea\\fabricaescuela\\frontend\\src\\views\\layouts\\header\\Header.jsx": {"path":"C:\\Users\\jeiso\\Documents\\udea\\fabricaescuela\\frontend\\src\\views\\layouts\\header\\Header.jsx","statementMap":{"0":{"start":{"line":5,"column":2},"end":{"line":12,"column":3}}},"fnMap":{"0":{"name":"Header","decl":{"start":{"line":4,"column":24},"end":{"line":4,"column":30}},"loc":{"start":{"line":4,"column":33},"end":{"line":13,"column":1}},"line":4}},"branchMap":{},"s":{"0":0},"f":{"0":0},"b":{}}
,"C:\\Users\\jeiso\\Documents\\udea\\fabricaescuela\\frontend\\src\\views\\login\\Login.jsx": {"path":"C:\\Users\\jeiso\\Documents\\udea\\fabricaescuela\\frontend\\src\\views\\login\\Login.jsx","statementMap":{"0":{"start":{"line":6,"column":2},"end":{"line":13,"column":3}}},"fnMap":{"0":{"name":"Login","decl":{"start":{"line":5,"column":24},"end":{"line":5,"column":29}},"loc":{"start":{"line":5,"column":32},"end":{"line":14,"column":1}},"line":5}},"branchMap":{},"s":{"0":0},"f":{"0":0},"b":{}}
}
