TN:
SF:src\components\Example.jsx
FN:3,(anonymous_0)
FN:8,(anonymous_1)
FN:13,(anonymous_2)
FN:19,Example
FN:24,(anonymous_4)
FN:30,(anonymous_5)
FN:41,(anonymous_6)
FN:43,(anonymous_7)
FN:45,(anonymous_8)
FNF:9
FNH:9
FNDA:5,(anonymous_0)
FNDA:4,(anonymous_1)
FNDA:3,(anonymous_2)
FNDA:8,Example
FNDA:1,(anonymous_4)
FNDA:2,(anonymous_5)
FNDA:1,(anonymous_6)
FNDA:1,(anonymous_7)
FNDA:1,(anonymous_8)
DA:3,1
DA:4,5
DA:5,5
DA:8,1
DA:9,4
DA:10,4
DA:13,1
DA:14,3
DA:15,3
DA:20,8
DA:21,8
DA:22,8
DA:24,8
DA:25,1
DA:26,1
DA:27,1
DA:30,8
DA:31,2
DA:32,2
DA:33,1
DA:34,1
DA:38,8
DA:41,1
DA:43,1
DA:45,1
LF:25
LH:25
BRDA:32,0,0,1
BRDA:32,0,1,1
BRDA:32,1,0,2
BRDA:32,1,1,1
BRDA:32,1,2,1
BRF:5
BRH:5
end_of_record
TN:
SF:src\components\default\Logos.jsx
FN:1,Logos
FNF:1
FNH:0
FNDA:0,Logos
DA:2,0
LF:1
LH:0
BRF:0
BRH:0
end_of_record
TN:
SF:src\components\login\FormLogin.jsx
FN:3,FormLogin
FNF:1
FNH:0
FNDA:0,FormLogin
DA:4,0
LF:1
LH:0
BRF:0
BRH:0
end_of_record
TN:
SF:src\views\default\Default.jsx
FN:14,Default
FN:16,(anonymous_1)
FN:26,(anonymous_2)
FN:29,(anonymous_3)
FN:32,(anonymous_4)
FN:33,(anonymous_5)
FN:34,(anonymous_6)
FN:37,(anonymous_7)
FNF:8
FNH:0
FNDA:0,Default
FNDA:0,(anonymous_1)
FNDA:0,(anonymous_2)
FNDA:0,(anonymous_3)
FNDA:0,(anonymous_4)
FNDA:0,(anonymous_5)
FNDA:0,(anonymous_6)
FNDA:0,(anonymous_7)
DA:15,0
DA:16,0
DA:17,0
DA:26,0
DA:29,0
DA:32,0
DA:33,0
DA:34,0
DA:37,0
LF:9
LH:0
BRDA:24,0,0,0
BRDA:24,0,1,0
BRF:2
BRH:0
end_of_record
TN:
SF:src\views\error\ErrorPage.jsx
FN:2,ErrorPage
FNF:1
FNH:0
FNDA:0,ErrorPage
DA:3,0
LF:1
LH:0
BRF:0
BRH:0
end_of_record
TN:
SF:src\views\home\Home.jsx
FN:5,(anonymous_0)
FN:14,(anonymous_1)
FN:15,(anonymous_2)
FNF:3
FNH:0
FNDA:0,(anonymous_0)
FNDA:0,(anonymous_1)
FNDA:0,(anonymous_2)
DA:5,0
DA:6,0
DA:8,0
DA:14,0
DA:15,0
LF:5
LH:0
BRF:0
BRH:0
end_of_record
TN:
SF:src\views\layouts\header\Header.jsx
FN:4,Header
FNF:1
FNH:0
FNDA:0,Header
DA:5,0
LF:1
LH:0
BRF:0
BRH:0
end_of_record
TN:
SF:src\views\login\Login.jsx
FN:5,Login
FNF:1
FNH:0
FNDA:0,Login
DA:6,0
LF:1
LH:0
BRF:0
BRH:0
end_of_record
